Build started 05/01/2019 20.10.45.
     1>Project "C:\Users\win10\Documents\kodingan saya\C++\aplikasi GREEDY\project 5 uang\project 5 uang.vcxproj" on node 2 (Build target(s)).
     1>ClCompile:
         C:\Program Files (x86)\Microsoft Visual Studio 12.0\VC\bin\CL.exe /c /ZI /nologo /W3 /WX- /sdl /Od /Oy- /D _MBCS /Gm /EHsc /RTC1 /MDd /GS /fp:precise /Zc:wchar_t /Zc:forScope /Fo"Debug\\" /Fd"Debug\vc120.pdb" /Gd /TP /analyze- /errorReport:prompt uang.cpp
         uang.cpp
     1>c:\users\win10\documents\kodingan saya\c++\aplikasi greedy\project 5 uang\uang.cpp(1): warning C4067: unexpected tokens following preprocessor directive - expected a newline
     1>c:\users\win10\documents\kodingan saya\c++\aplikasi greedy\project 5 uang\uang.cpp(2): warning C4067: unexpected tokens following preprocessor directive - expected a newline
     1>c:\users\win10\documents\kodingan saya\c++\aplikasi greedy\project 5 uang\uang.cpp(3): warning C4067: unexpected tokens following preprocessor directive - expected a newline
     1>c:\users\win10\documents\kodingan saya\c++\aplikasi greedy\project 5 uang\uang.cpp(17): warning C4552: '+' : operator has no effect; expected operator with side-effect
     1>c:\users\win10\documents\kodingan saya\c++\aplikasi greedy\project 5 uang\uang.cpp(21): warning C4552: '+' : operator has no effect; expected operator with side-effect
     1>c:\users\win10\documents\kodingan saya\c++\aplikasi greedy\project 5 uang\uang.cpp(25): warning C4552: '+' : operator has no effect; expected operator with side-effect
     1>c:\users\win10\documents\kodingan saya\c++\aplikasi greedy\project 5 uang\uang.cpp(29): warning C4552: '+' : operator has no effect; expected operator with side-effect
     1>c:\users\win10\documents\kodingan saya\c++\aplikasi greedy\project 5 uang\uang.cpp(33): warning C4552: '+' : operator has no effect; expected operator with side-effect
     1>c:\users\win10\documents\kodingan saya\c++\aplikasi greedy\project 5 uang\uang.cpp(37): warning C4552: '+' : operator has no effect; expected operator with side-effect
     1>c:\users\win10\documents\kodingan saya\c++\aplikasi greedy\project 5 uang\uang.cpp(41): warning C4552: '+' : operator has no effect; expected operator with side-effect
     1>c:\users\win10\documents\kodingan saya\c++\aplikasi greedy\project 5 uang\uang.cpp(45): warning C4552: '+' : operator has no effect; expected operator with side-effect
     1>c:\users\win10\documents\kodingan saya\c++\aplikasi greedy\project 5 uang\uang.cpp(49): warning C4552: '+' : operator has no effect; expected operator with side-effect
     1>c:\users\win10\documents\kodingan saya\c++\aplikasi greedy\project 5 uang\uang.cpp(53): warning C4552: '+' : operator has no effect; expected operator with side-effect
     1>c:\users\win10\documents\kodingan saya\c++\aplikasi greedy\project 5 uang\uang.cpp(57): warning C4552: '+' : operator has no effect; expected operator with side-effect
       Link:
         C:\Program Files (x86)\Microsoft Visual Studio 12.0\VC\bin\link.exe /ERRORREPORT:PROMPT /OUT:"C:\Users\win10\Documents\kodingan saya\C++\aplikasi GREEDY\Debug\project 5 uang.exe" /INCREMENTAL /NOLOGO kernel32.lib user32.lib gdi32.lib winspool.lib comdlg32.lib advapi32.lib shell32.lib ole32.lib oleaut32.lib uuid.lib odbc32.lib odbccp32.lib /MANIFEST /MANIFESTUAC:"level='asInvoker' uiAccess='false'" /manifest:embed /DEBUG /PDB:"C:\Users\win10\Documents\kodingan saya\C++\aplikasi GREEDY\Debug\project 5 uang.pdb" /TLBID:1 /DYNAMICBASE /NXCOMPAT /IMPLIB:"C:\Users\win10\Documents\kodingan saya\C++\aplikasi GREEDY\Debug\project 5 uang.lib" /MACHINE:X86 Debug\uang.obj
         project 5 uang.vcxproj -> C:\Users\win10\Documents\kodingan saya\C++\aplikasi GREEDY\Debug\project 5 uang.exe
     1>Done Building Project "C:\Users\win10\Documents\kodingan saya\C++\aplikasi GREEDY\project 5 uang\project 5 uang.vcxproj" (Build target(s)).

Build succeeded.

Time Elapsed 00:00:03.55
